<?xml version="1.0" encoding="UTF-8"?>
<testsuite xmlns:xsi="http://www.w3.org/2001/XMLSchema-instance" xsi:noNamespaceSchemaLocation="https://maven.apache.org/surefire/maven-surefire-plugin/xsd/surefire-test-report.xsd" name="be.abis.testing.PersonTest" time="0.11" tests="2" errors="0" skipped="0" failures="0">
  <properties>
[...]
</properties>
  <testcase name="personUnder18ShouldThrowException" classname="be.abis.testing.PersonTest" time="0.094"/>
  <testcase name="person1ShouldBe42YearsOld" classname="be.abis.testing.PersonTest" time="0.016"/>
</testsuite>